<?xml version="1.0" encoding="UTF-8"?>
<testsuite xmlns:xsi="http://www.w3.org/2001/XMLSchema-instance" xsi:noNamespaceSchemaLocation="https://maven.apache.org/surefire/maven-surefire-plugin/xsd/surefire-test-report.xsd" name="org.mybatis.generator.internal.XmlFileMergerTest" time="0.096" tests="1" errors="0" skipped="0" failures="0">
  <properties>
    <property name="sun.desktop" value="windows"/>
    <property name="awt.toolkit" value="sun.awt.windows.WToolkit"/>
    <property name="file.encoding.pkg" value="sun.io"/>
    <property name="java.specification.version" value="1.8"/>
    <property name="sun.cpu.isalist" value="amd64"/>
    <property name="sun.jnu.encoding" value="GBK"/>
    <property name="java.class.path" value="C:\Hoze\HOZE-test\mybatis-generator-core\mybatis-generator-core\target\test-classes;C:\Hoze\HOZE-test\mybatis-generator-core\mybatis-generator-core\target\classes;C:\Users\liuchunchun\.m2\repository\log4j\log4j\1.2.17\log4j-1.2.17.jar;C:\Users\liuchunchun\.m2\repository\org\slf4j\slf4j-api\1.7.25\slf4j-api-1.7.25.jar;C:\Users\liuchunchun\.m2\repository\org\apache\logging\log4j\log4j-api\2.11.0\log4j-api-2.11.0.jar;C:\Users\liuchunchun\.m2\repository\commons-logging\commons-logging\1.2\commons-logging-1.2.jar;C:\Users\liuchunchun\.m2\repository\org\apache\ant\ant\1.10.4\ant-1.10.4.jar;C:\Users\liuchunchun\.m2\repository\org\apache\ant\ant-launcher\1.10.4\ant-launcher-1.10.4.jar;C:\Users\liuchunchun\.m2\repository\org\hsqldb\hsqldb\2.4.1\hsqldb-2.4.1.jar;C:\Users\liuchunchun\.m2\repository\com\github\javaparser\javaparser-core\3.2.10\javaparser-core-3.2.10.jar;C:\Users\liuchunchun\.m2\repository\junit\junit\4.12\junit-4.12.jar;C:\Users\liuchunchun\.m2\repository\org\hamcrest\hamcrest-core\1.3\hamcrest-core-1.3.jar;"/>
    <property name="java.vm.vendor" value="Oracle Corporation"/>
    <property name="sun.arch.data.model" value="64"/>
    <property name="user.variant" value=""/>
    <property name="java.vendor.url" value="http://java.oracle.com/"/>
    <property name="user.timezone" value="Asia/Shanghai"/>
    <property name="java.vm.specification.version" value="1.8"/>
    <property name="os.name" value="Windows 10"/>
    <property name="user.country" value="CN"/>
    <property name="sun.java.launcher" value="SUN_STANDARD"/>
    <property name="sun.boot.library.path" value="C:\Program Files\Java\jdk1.8.0_91\jre\bin"/>
    <property name="sun.java.command" value="C:\Users\LIUCHU~1\AppData\Local\Temp\surefire4525437508740813342\surefirebooter356231706550513726.jar C:\Users\liuchunchun\AppData\Local\Temp\surefire4525437508740813342 2018-12-07T15-04-02_604-jvmRun1 surefire8330375723116084418tmp surefire_03614505126325971609tmp"/>
    <property name="surefire.test.class.path" value="C:\Hoze\HOZE-test\mybatis-generator-core\mybatis-generator-core\target\test-classes;C:\Hoze\HOZE-test\mybatis-generator-core\mybatis-generator-core\target\classes;C:\Users\liuchunchun\.m2\repository\log4j\log4j\1.2.17\log4j-1.2.17.jar;C:\Users\liuchunchun\.m2\repository\org\slf4j\slf4j-api\1.7.25\slf4j-api-1.7.25.jar;C:\Users\liuchunchun\.m2\repository\org\apache\logging\log4j\log4j-api\2.11.0\log4j-api-2.11.0.jar;C:\Users\liuchunchun\.m2\repository\commons-logging\commons-logging\1.2\commons-logging-1.2.jar;C:\Users\liuchunchun\.m2\repository\org\apache\ant\ant\1.10.4\ant-1.10.4.jar;C:\Users\liuchunchun\.m2\repository\org\apache\ant\ant-launcher\1.10.4\ant-launcher-1.10.4.jar;C:\Users\liuchunchun\.m2\repository\org\hsqldb\hsqldb\2.4.1\hsqldb-2.4.1.jar;C:\Users\liuchunchun\.m2\repository\com\github\javaparser\javaparser-core\3.2.10\javaparser-core-3.2.10.jar;C:\Users\liuchunchun\.m2\repository\junit\junit\4.12\junit-4.12.jar;C:\Users\liuchunchun\.m2\repository\org\hamcrest\hamcrest-core\1.3\hamcrest-core-1.3.jar;"/>
    <property name="sun.cpu.endian" value="little"/>
    <property name="user.home" value="C:\Users\liuchunchun"/>
    <property name="user.language" value="zh"/>
    <property name="java.specification.vendor" value="Oracle Corporation"/>
    <property name="java.home" value="C:\Program Files\Java\jdk1.8.0_91\jre"/>
    <property name="basedir" value="C:\Hoze\HOZE-test\mybatis-generator-core\mybatis-generator-core"/>
    <property name="file.separator" value="\"/>
    <property name="line.separator" value="&#10;"/>
    <property name="java.vm.specification.vendor" value="Oracle Corporation"/>
    <property name="java.specification.name" value="Java Platform API Specification"/>
    <property name="java.awt.graphicsenv" value="sun.awt.Win32GraphicsEnvironment"/>
    <property name="surefire.real.class.path" value="C:\Users\LIUCHU~1\AppData\Local\Temp\surefire4525437508740813342\surefirebooter356231706550513726.jar;C:\\Users\\liuchunchun\\.m2\\repository\\org\\jacoco\\org.jacoco.agent\\0.8.1\\org.jacoco.agent-0.8.1-runtime.jar"/>
    <property name="sun.boot.class.path" value="C:\Program Files\Java\jdk1.8.0_91\jre\lib\resources.jar;C:\Program Files\Java\jdk1.8.0_91\jre\lib\rt.jar;C:\Program Files\Java\jdk1.8.0_91\jre\lib\sunrsasign.jar;C:\Program Files\Java\jdk1.8.0_91\jre\lib\jsse.jar;C:\Program Files\Java\jdk1.8.0_91\jre\lib\jce.jar;C:\Program Files\Java\jdk1.8.0_91\jre\lib\charsets.jar;C:\Program Files\Java\jdk1.8.0_91\jre\lib\jfr.jar;C:\Program Files\Java\jdk1.8.0_91\jre\classes"/>
    <property name="user.script" value=""/>
    <property name="sun.management.compiler" value="HotSpot 64-Bit Tiered Compilers"/>
    <property name="java.runtime.version" value="1.8.0_91-b15"/>
    <property name="user.name" value="liuchunchun"/>
    <property name="path.separator" value=";"/>
    <property name="os.version" value="10.0"/>
    <property name="java.endorsed.dirs" value="C:\Program Files\Java\jdk1.8.0_91\jre\lib\endorsed"/>
    <property name="java.runtime.name" value="Java(TM) SE Runtime Environment"/>
    <property name="file.encoding" value="GBK"/>
    <property name="java.vm.name" value="Java HotSpot(TM) 64-Bit Server VM"/>
    <property name="localRepository" value="C:\Users\liuchunchun\.m2\repository"/>
    <property name="java.vendor.url.bug" value="http://bugreport.sun.com/bugreport/"/>
    <property name="java.io.tmpdir" value="C:\Users\LIUCHU~1\AppData\Local\Temp\"/>
    <property name="idea.version" value="2016.3.4"/>
    <property name="java.version" value="1.8.0_91"/>
    <property name="user.dir" value="C:\Hoze\HOZE-test\mybatis-generator-core\mybatis-generator-core"/>
    <property name="os.arch" value="amd64"/>
    <property name="java.vm.specification.name" value="Java Virtual Machine Specification"/>
    <property name="java.awt.printerjob" value="sun.awt.windows.WPrinterJob"/>
    <property name="sun.os.patch.level" value=""/>
    <property name="java.library.path" value="C:\Program Files\Java\jdk1.8.0_91\jre\bin;C:\WINDOWS\Sun\Java\bin;C:\WINDOWS\system32;C:\WINDOWS;C:\ProgramData\Oracle\Java\javapath;C:\WINDOWS\system32;C:\WINDOWS;C:\WINDOWS\System32\Wbem;C:\WINDOWS\System32\WindowsPowerShell\v1.0\;C:\Program Files\Java\jdk1.8.0_91\bin;C:\Program Files\TortoiseSVN\bin;C:\Hoze\HOZE-tools\MyBatTools;C:\Program Files\Git\cmd;C:\Program Files\TortoiseGit\bin;C:\Users\liuchunchun\Downloads\node-v10.8.0-win-x64\node-v10.8.0-win-x64;C:\Program Files\nodejs\;C:\WINDOWS\System32\OpenSSH\;C:\Users\liuchunchun\AppData\Roaming\npm;%USERPROFILE%\AppData\Local\Microsoft\WindowsApps;;."/>
    <property name="java.vm.info" value="mixed mode"/>
    <property name="java.vendor" value="Oracle Corporation"/>
    <property name="java.vm.version" value="25.91-b15"/>
    <property name="java.ext.dirs" value="C:\Program Files\Java\jdk1.8.0_91\jre\lib\ext;C:\WINDOWS\Sun\Java\lib\ext"/>
    <property name="sun.io.unicode.encoding" value="UnicodeLittle"/>
    <property name="java.class.version" value="52.0"/>
  </properties>
  <testcase name="testThatFilesAreTheSameAfterMerge" classname="org.mybatis.generator.internal.XmlFileMergerTest" time="0.096"/>
</testsuite>